---find_start_end()---
367+1 записей получено
367+1 записей отправлено
скопировано 2282504 байта (2,3 MB), 0,00505536 c, 452 MB/c
lzop: /tmp/krepack.fTst/kernel.image.lzo: warning: ignoring trailing garbage in lzop file
28+1 записей получено
28+1 записей отправлено
скопировано 4004596 байт (4,0 MB), 0,00251666 c, 1,6 GB/c
11+1 записей получено
11+1 записей отправлено
скопировано 3674168 байт (3,7 MB), 0,00606311 c, 606 MB/c
---CHECK_MMC_CAP_ERASE()---
657 блок
---makeImage()---
1+0 записей получено
1+0 записей отправлено
скопировано 141392 байта (141 kB), 0,000660046 c, 214 MB/c
7+1 записей получено
7+1 записей отправлено
скопировано 3673844 байта (3,7 MB), 0,00274397 c, 1,3 GB/c
1+0 записей получено
1+0 записей отправлено
---size_append()---
---MAKE_FIPS_BINARY()---
